<?xml version="1.0" encoding="UTF-8"?>
<!-- Generated by org.testng.reporters.JUnitReportReporter -->
<testsuite hostname="LAPTOP-LPT61RQN" failures="0" tests="2" name="runner.TestRunner" time="5.310" errors="0" timestamp="2021-06-08T01:39:21 IST" skipped="0">
  <testcase classname="runner.TestRunner" name="runScenario" time="2.660"/>
  <system-out/>
  <testcase classname="runner.TestRunner" name="runScenario" time="2.650"/>
  <system-out/>
</testsuite> <!-- runner.TestRunner -->
